This file contains any messages produced by compilers while
running configure, to aid debugging if configure makes a mistake.

It was created by libzbxmodbus configure 0.9, which was
generated by GNU Autoconf 2.69.  Invocation command line was

  $ ./configure --prefix=/etc/zabbix --enable-zabbix-3.2 --no-create --no-recursion

## --------- ##
## Platform. ##
## --------- ##

hostname = zabbix-systems.int.previder.nl
uname -m = x86_64
uname -r = 3.10.0-1127.19.1.el7.x86_64
uname -s = Linux
uname -v = #1 SMP Tue Aug 25 17:23:54 UTC 2020

/usr/bin/uname -p = x86_64
/bin/uname -X     = unknown

/bin/arch              = x86_64
/usr/bin/arch -k       = unknown
/usr/convex/getsysinfo = unknown
/usr/bin/hostinfo      = unknown
/bin/machine           = unknown
/usr/bin/oslevel       = unknown
/bin/universe          = unknown

PATH: /sbin
PATH: /bin
PATH: /usr/sbin
PATH: /usr/bin


## ----------- ##
## Core tests. ##
## ----------- ##

configure:2170: checking for a BSD-compatible install
configure:2238: result: /bin/install -c
configure:2249: checking whether build environment is sane
configure:2304: result: yes
configure:2455: checking for a thread-safe mkdir -p
configure:2494: result: /bin/mkdir -p
configure:2501: checking for gawk
configure:2517: found /bin/gawk
configure:2528: result: gawk
configure:2539: checking whether make sets $(MAKE)
configure:2561: result: yes
configure:2590: checking whether make supports nested variables
configure:2607: result: yes
configure:2709: checking for style of include used by make
configure:2737: result: GNU
configure:2808: checking for gcc
configure:2824: found /bin/gcc
configure:2835: result: gcc
configure:3064: checking for C compiler version
configure:3073: gcc --version >&5
gcc (GCC) 4.8.5 20150623 (Red Hat 4.8.5-39)
Copyright (C) 2015 Free Software Foundation, Inc.
This is free software; see the source for copying conditions.  There is NO
warranty; not even for MERCHANTABILITY or FITNESS FOR A PARTICULAR PURPOSE.

configure:3084: $? = 0
configure:3073: gcc -v >&5
Using built-in specs.
COLLECT_GCC=gcc
COLLECT_LTO_WRAPPER=/usr/libexec/gcc/x86_64-redhat-linux/4.8.5/lto-wrapper
Target: x86_64-redhat-linux
Configured with: ../configure --prefix=/usr --mandir=/usr/share/man --infodir=/usr/share/info --with-bugurl=http://bugzilla.redhat.com/bugzilla --enable-bootstrap --enable-shared --enable-threads=posix --enable-checking=release --with-system-zlib --enable-__cxa_atexit --disable-libunwind-exceptions --enable-gnu-unique-object --enable-linker-build-id --with-linker-hash-style=gnu --enable-languages=c,c++,objc,obj-c++,java,fortran,ada,go,lto --enable-plugin --enable-initfini-array --disable-libgcj --with-isl=/builddir/build/BUILD/gcc-4.8.5-20150702/obj-x86_64-redhat-linux/isl-install --with-cloog=/builddir/build/BUILD/gcc-4.8.5-20150702/obj-x86_64-redhat-linux/cloog-install --enable-gnu-indirect-function --with-tune=generic --with-arch_32=x86-64 --build=x86_64-redhat-linux
Thread model: posix
gcc version 4.8.5 20150623 (Red Hat 4.8.5-39) (GCC) 
configure:3084: $? = 0
configure:3073: gcc -V >&5
gcc: error: unrecognized command line option '-V'
gcc: fatal error: no input files
compilation terminated.
configure:3084: $? = 4
configure:3073: gcc -qversion >&5
gcc: error: unrecognized command line option '-qversion'
gcc: fatal error: no input files
compilation terminated.
configure:3084: $? = 4
configure:3104: checking whether the C compiler works
configure:3126: gcc    conftest.c  >&5
configure:3130: $? = 0
configure:3178: result: yes
configure:3181: checking for C compiler default output file name
configure:3183: result: a.out
configure:3189: checking for suffix of executables
configure:3196: gcc -o conftest    conftest.c  >&5
configure:3200: $? = 0
configure:3222: result: 
configure:3244: checking whether we are cross compiling
configure:3252: gcc -o conftest    conftest.c  >&5
configure:3256: $? = 0
configure:3263: ./conftest
configure:3267: $? = 0
configure:3282: result: no
configure:3287: checking for suffix of object files
configure:3309: gcc -c   conftest.c >&5
configure:3313: $? = 0
configure:3334: result: o
configure:3338: checking whether we are using the GNU C compiler
configure:3357: gcc -c   conftest.c >&5
configure:3357: $? = 0
configure:3366: result: yes
configure:3375: checking whether gcc accepts -g
configure:3395: gcc -c -g  conftest.c >&5
configure:3395: $? = 0
configure:3436: result: yes
configure:3453: checking for gcc option to accept ISO C89
configure:3516: gcc  -c -g -O2  conftest.c >&5
configure:3516: $? = 0
configure:3529: result: none needed
configure:3551: checking dependency style of gcc
configure:3662: result: gcc3
configure:3727: checking for ar
configure:3743: found /bin/ar
configure:3754: result: ar
configure:3780: checking the archiver (ar) interface
configure:3790: gcc -c -g -O2  conftest.c >&5
configure:3790: $? = 0
configure:3792: ar cru libconftest.a conftest.o >&5
configure:3795: $? = 0
configure:3818: result: ar
configure:3941: checking build system type
configure:3955: result: x86_64-unknown-linux-gnu
configure:3975: checking host system type
configure:3988: result: x86_64-unknown-linux-gnu
configure:4029: checking how to print strings
configure:4056: result: printf
configure:4077: checking for a sed that does not truncate output
configure:4141: result: /bin/sed
configure:4159: checking for grep that handles long lines and -e
configure:4217: result: /bin/grep
configure:4222: checking for egrep
configure:4284: result: /bin/grep -E
configure:4289: checking for fgrep
configure:4351: result: /bin/grep -F
configure:4386: checking for ld used by gcc
configure:4453: result: /bin/ld
configure:4460: checking if the linker (/bin/ld) is GNU ld
configure:4475: result: yes
configure:4487: checking for BSD- or MS-compatible name lister (nm)
configure:4536: result: /bin/nm -B
configure:4666: checking the name lister (/bin/nm -B) interface
configure:4673: gcc -c -g -O2  conftest.c >&5
configure:4676: /bin/nm -B "conftest.o"
configure:4679: output
0000000000000000 B some_variable
configure:4686: result: BSD nm
configure:4689: checking whether ln -s works
configure:4693: result: yes
configure:4701: checking the maximum length of command line arguments
configure:4831: result: 1572864
configure:4848: checking whether the shell understands some XSI constructs
configure:4858: result: yes
configure:4862: checking whether the shell understands "+="
configure:4868: result: yes
configure:4903: checking how to convert x86_64-unknown-linux-gnu file names to x86_64-unknown-linux-gnu format
configure:4943: result: func_convert_file_noop
configure:4950: checking how to convert x86_64-unknown-linux-gnu file names to toolchain format
configure:4970: result: func_convert_file_noop
configure:4977: checking for /bin/ld option to reload object files
configure:4984: result: -r
configure:5058: checking for objdump
configure:5074: found /bin/objdump
configure:5085: result: objdump
configure:5117: checking how to recognize dependent libraries
configure:5319: result: pass_all
configure:5404: checking for dlltool
configure:5434: result: no
configure:5464: checking how to associate runtime and link libraries
configure:5491: result: printf %s\n
configure:5615: checking for archiver @FILE support
configure:5632: gcc -c -g -O2  conftest.c >&5
configure:5632: $? = 0
configure:5635: ar cru libconftest.a @conftest.lst >&5
configure:5638: $? = 0
configure:5643: ar cru libconftest.a @conftest.lst >&5
ar: conftest.o: No such file or directory
configure:5646: $? = 1
configure:5658: result: @
configure:5716: checking for strip
configure:5732: found /bin/strip
configure:5743: result: strip
configure:5815: checking for ranlib
configure:5831: found /bin/ranlib
configure:5842: result: ranlib
configure:5944: checking command to parse /bin/nm -B output from gcc object
configure:6064: gcc -c -g -O2  conftest.c >&5
configure:6067: $? = 0
configure:6071: /bin/nm -B conftest.o \| sed -n -e 's/^.*[ ]\([ABCDGIRSTW][ABCDGIRSTW]*\)[ ][ ]*\([_A-Za-z][_A-Za-z0-9]*\)$/\1 \2 \2/p' | sed '/ __gnu_lto/d' \> conftest.nm
configure:6074: $? = 0
configure:6140: gcc -o conftest -g -O2   conftest.c conftstm.o >&5
configure:6143: $? = 0
configure:6181: result: ok
configure:6218: checking for sysroot
configure:6248: result: no
configure:6325: gcc -c -g -O2  conftest.c >&5
configure:6328: $? = 0
configure:6504: checking for mt
configure:6534: result: no
configure:6554: checking if : is a manifest tool
configure:6560: : '-?'
configure:6568: result: no
configure:7210: checking how to run the C preprocessor
configure:7241: gcc -E  conftest.c
configure:7241: $? = 0
configure:7255: gcc -E  conftest.c
conftest.c:11:28: fatal error: ac_nonexistent.h: No such file or directory
 #include <ac_nonexistent.h>
                            ^
compilation terminated.
configure:7255: $? = 1
configure: failed program was:
| /* confdefs.h */
| #define PACKAGE_NAME "libzbxmodbus"
| #define PACKAGE_TARNAME "libzbxmodbus"
| #define PACKAGE_VERSION "0.9"
| #define PACKAGE_STRING "libzbxmodbus 0.9"
| #define PACKAGE_BUGREPORT ""
| #define PACKAGE_URL ""
| #define PACKAGE "libzbxmodbus"
| #define VERSION "0.9"
| /* end confdefs.h.  */
| #include <ac_nonexistent.h>
configure:7280: result: gcc -E
configure:7300: gcc -E  conftest.c
configure:7300: $? = 0
configure:7314: gcc -E  conftest.c
conftest.c:11:28: fatal error: ac_nonexistent.h: No such file or directory
 #include <ac_nonexistent.h>
                            ^
compilation terminated.
configure:7314: $? = 1
configure: failed program was:
| /* confdefs.h */
| #define PACKAGE_NAME "libzbxmodbus"
| #define PACKAGE_TARNAME "libzbxmodbus"
| #define PACKAGE_VERSION "0.9"
| #define PACKAGE_STRING "libzbxmodbus 0.9"
| #define PACKAGE_BUGREPORT ""
| #define PACKAGE_URL ""
| #define PACKAGE "libzbxmodbus"
| #define VERSION "0.9"
| /* end confdefs.h.  */
| #include <ac_nonexistent.h>
configure:7343: checking for ANSI C header files
configure:7363: gcc -c -g -O2  conftest.c >&5
configure:7363: $? = 0
configure:7436: gcc -o conftest -g -O2   conftest.c  >&5
configure:7436: $? = 0
configure:7436: ./conftest
configure:7436: $? = 0
configure:7447: result: yes
configure:7460: checking for sys/types.h
configure:7460: gcc -c -g -O2  conftest.c >&5
configure:7460: $? = 0
configure:7460: result: yes
configure:7460: checking for sys/stat.h
configure:7460: gcc -c -g -O2  conftest.c >&5
configure:7460: $? = 0
configure:7460: result: yes
configure:7460: checking for stdlib.h
configure:7460: gcc -c -g -O2  conftest.c >&5
configure:7460: $? = 0
configure:7460: result: yes
configure:7460: checking for string.h
configure:7460: gcc -c -g -O2  conftest.c >&5
configure:7460: $? = 0
configure:7460: result: yes
configure:7460: checking for memory.h
configure:7460: gcc -c -g -O2  conftest.c >&5
configure:7460: $? = 0
configure:7460: result: yes
configure:7460: checking for strings.h
configure:7460: gcc -c -g -O2  conftest.c >&5
configure:7460: $? = 0
configure:7460: result: yes
configure:7460: checking for inttypes.h
configure:7460: gcc -c -g -O2  conftest.c >&5
configure:7460: $? = 0
configure:7460: result: yes
configure:7460: checking for stdint.h
configure:7460: gcc -c -g -O2  conftest.c >&5
configure:7460: $? = 0
configure:7460: result: yes
configure:7460: checking for unistd.h
configure:7460: gcc -c -g -O2  conftest.c >&5
configure:7460: $? = 0
configure:7460: result: yes
configure:7474: checking for dlfcn.h
configure:7474: gcc -c -g -O2  conftest.c >&5
configure:7474: $? = 0
configure:7474: result: yes
configure:7680: checking for objdir
configure:7695: result: .libs
configure:7966: checking if gcc supports -fno-rtti -fno-exceptions
configure:7984: gcc -c -g -O2  -fno-rtti -fno-exceptions conftest.c >&5
cc1: warning: command line option '-fno-rtti' is valid for C++/ObjC++ but not for C [enabled by default]
configure:7988: $? = 0
configure:8001: result: no
configure:8328: checking for gcc option to produce PIC
configure:8335: result: -fPIC -DPIC
configure:8343: checking if gcc PIC flag -fPIC -DPIC works
configure:8361: gcc -c -g -O2  -fPIC -DPIC -DPIC conftest.c >&5
configure:8365: $? = 0
configure:8378: result: yes
configure:8407: checking if gcc static flag -static works
configure:8435: result: no
configure:8450: checking if gcc supports -c -o file.o
configure:8471: gcc -c -g -O2  -o out/conftest2.o conftest.c >&5
configure:8475: $? = 0
configure:8497: result: yes
configure:8505: checking if gcc supports -c -o file.o
configure:8552: result: yes
configure:8585: checking whether the gcc linker (/bin/ld -m elf_x86_64) supports shared libraries
configure:9738: result: yes
configure:9775: checking whether -lc should be explicitly linked in
configure:9783: gcc -c -g -O2  conftest.c >&5
configure:9786: $? = 0
configure:9801: gcc -shared  -fPIC -DPIC conftest.o  -v -Wl,-soname -Wl,conftest -o conftest 2\>\&1 \| /bin/grep  -lc  \>/dev/null 2\>\&1
configure:9804: $? = 0
configure:9818: result: no
configure:9978: checking dynamic linker characteristics
configure:10489: gcc -o conftest -g -O2   -Wl,-rpath -Wl,/foo conftest.c  >&5
configure:10489: $? = 0
configure:10715: result: GNU/Linux ld.so
configure:10822: checking how to hardcode library paths into programs
configure:10847: result: immediate
configure:11387: checking whether stripping libraries is possible
configure:11392: result: yes
configure:11427: checking if libtool supports shared libraries
configure:11429: result: yes
configure:11432: checking whether to build shared libraries
configure:11453: result: yes
configure:11456: checking whether to build static libraries
configure:11460: result: yes
configure:11573: checking for gcc
configure:11600: result: gcc
configure:11829: checking for C compiler version
configure:11838: gcc --version >&5
gcc (GCC) 4.8.5 20150623 (Red Hat 4.8.5-39)
Copyright (C) 2015 Free Software Foundation, Inc.
This is free software; see the source for copying conditions.  There is NO
warranty; not even for MERCHANTABILITY or FITNESS FOR A PARTICULAR PURPOSE.

configure:11849: $? = 0
configure:11838: gcc -v >&5
Using built-in specs.
COLLECT_GCC=gcc
COLLECT_LTO_WRAPPER=/usr/libexec/gcc/x86_64-redhat-linux/4.8.5/lto-wrapper
Target: x86_64-redhat-linux
Configured with: ../configure --prefix=/usr --mandir=/usr/share/man --infodir=/usr/share/info --with-bugurl=http://bugzilla.redhat.com/bugzilla --enable-bootstrap --enable-shared --enable-threads=posix --enable-checking=release --with-system-zlib --enable-__cxa_atexit --disable-libunwind-exceptions --enable-gnu-unique-object --enable-linker-build-id --with-linker-hash-style=gnu --enable-languages=c,c++,objc,obj-c++,java,fortran,ada,go,lto --enable-plugin --enable-initfini-array --disable-libgcj --with-isl=/builddir/build/BUILD/gcc-4.8.5-20150702/obj-x86_64-redhat-linux/isl-install --with-cloog=/builddir/build/BUILD/gcc-4.8.5-20150702/obj-x86_64-redhat-linux/cloog-install --enable-gnu-indirect-function --with-tune=generic --with-arch_32=x86-64 --build=x86_64-redhat-linux
Thread model: posix
gcc version 4.8.5 20150623 (Red Hat 4.8.5-39) (GCC) 
configure:11849: $? = 0
configure:11838: gcc -V >&5
gcc: error: unrecognized command line option '-V'
gcc: fatal error: no input files
compilation terminated.
configure:11849: $? = 4
configure:11838: gcc -qversion >&5
gcc: error: unrecognized command line option '-qversion'
gcc: fatal error: no input files
compilation terminated.
configure:11849: $? = 4
configure:11853: checking whether we are using the GNU C compiler
configure:11881: result: yes
configure:11890: checking whether gcc accepts -g
configure:11951: result: yes
configure:11968: checking for gcc option to accept ISO C89
configure:12044: result: none needed
configure:12066: checking dependency style of gcc
configure:12177: result: gcc3
configure:12305: checking that generated files are newer than configure
configure:12311: result: done
configure:12350: creating ./config.status

## ---------------- ##
## Cache variables. ##
## ---------------- ##

ac_cv_build=x86_64-unknown-linux-gnu
ac_cv_c_compiler_gnu=yes
ac_cv_env_CC_set=
ac_cv_env_CC_value=
ac_cv_env_CFLAGS_set=
ac_cv_env_CFLAGS_value=
ac_cv_env_CPPFLAGS_set=
ac_cv_env_CPPFLAGS_value=
ac_cv_env_CPP_set=
ac_cv_env_CPP_value=
ac_cv_env_LDFLAGS_set=
ac_cv_env_LDFLAGS_value=
ac_cv_env_LIBS_set=
ac_cv_env_LIBS_value=
ac_cv_env_build_alias_set=
ac_cv_env_build_alias_value=
ac_cv_env_host_alias_set=
ac_cv_env_host_alias_value=
ac_cv_env_target_alias_set=
ac_cv_env_target_alias_value=
ac_cv_header_dlfcn_h=yes
ac_cv_header_inttypes_h=yes
ac_cv_header_memory_h=yes
ac_cv_header_stdc=yes
ac_cv_header_stdint_h=yes
ac_cv_header_stdlib_h=yes
ac_cv_header_string_h=yes
ac_cv_header_strings_h=yes
ac_cv_header_sys_stat_h=yes
ac_cv_header_sys_types_h=yes
ac_cv_header_unistd_h=yes
ac_cv_host=x86_64-unknown-linux-gnu
ac_cv_objext=o
ac_cv_path_EGREP='/bin/grep -E'
ac_cv_path_FGREP='/bin/grep -F'
ac_cv_path_GREP=/bin/grep
ac_cv_path_SED=/bin/sed
ac_cv_path_install='/bin/install -c'
ac_cv_path_mkdir=/bin/mkdir
ac_cv_prog_AWK=gawk
ac_cv_prog_CPP='gcc -E'
ac_cv_prog_ac_ct_AR=ar
ac_cv_prog_ac_ct_CC=gcc
ac_cv_prog_ac_ct_OBJDUMP=objdump
ac_cv_prog_ac_ct_RANLIB=ranlib
ac_cv_prog_ac_ct_STRIP=strip
ac_cv_prog_cc_c89=
ac_cv_prog_cc_g=yes
ac_cv_prog_make_make_set=yes
am_cv_CC_dependencies_compiler_type=gcc3
am_cv_ar_interface=ar
am_cv_make_support_nested_variables=yes
lt_cv_ar_at_file=@
lt_cv_archive_cmds_need_lc=no
lt_cv_deplibs_check_method=pass_all
lt_cv_file_magic_cmd='$MAGIC_CMD'
lt_cv_file_magic_test_file=
lt_cv_ld_reload_flag=-r
lt_cv_nm_interface='BSD nm'
lt_cv_objdir=.libs
lt_cv_path_LD=/bin/ld
lt_cv_path_NM='/bin/nm -B'
lt_cv_path_mainfest_tool=no
lt_cv_prog_compiler_c_o=yes
lt_cv_prog_compiler_pic='-fPIC -DPIC'
lt_cv_prog_compiler_pic_works=yes
lt_cv_prog_compiler_rtti_exceptions=no
lt_cv_prog_compiler_static_works=no
lt_cv_prog_gnu_ld=yes
lt_cv_sharedlib_from_linklib_cmd='printf %s\n'
lt_cv_shlibpath_overrides_runpath=no
lt_cv_sys_global_symbol_pipe='sed -n -e '\''s/^.*[	 ]\([ABCDGIRSTW][ABCDGIRSTW]*\)[	 ][	 ]*\([_A-Za-z][_A-Za-z0-9]*\)$/\1 \2 \2/p'\'' | sed '\''/ __gnu_lto/d'\'''
lt_cv_sys_global_symbol_to_c_name_address='sed -n -e '\''s/^: \([^ ]*\)[ ]*$/  {\"\1\", (void *) 0},/p'\'' -e '\''s/^[ABCDGIRSTW]* \([^ ]*\) \([^ ]*\)$/  {"\2", (void *) \&\2},/p'\'''
lt_cv_sys_global_symbol_to_c_name_address_lib_prefix='sed -n -e '\''s/^: \([^ ]*\)[ ]*$/  {\"\1\", (void *) 0},/p'\'' -e '\''s/^[ABCDGIRSTW]* \([^ ]*\) \(lib[^ ]*\)$/  {"\2", (void *) \&\2},/p'\'' -e '\''s/^[ABCDGIRSTW]* \([^ ]*\) \([^ ]*\)$/  {"lib\2", (void *) \&\2},/p'\'''
lt_cv_sys_global_symbol_to_cdecl='sed -n -e '\''s/^T .* \(.*\)$/extern int \1();/p'\'' -e '\''s/^[ABCDGIRSTW]* .* \(.*\)$/extern char \1;/p'\'''
lt_cv_sys_max_cmd_len=1572864
lt_cv_to_host_file_cmd=func_convert_file_noop
lt_cv_to_tool_file_cmd=func_convert_file_noop

## ----------------- ##
## Output variables. ##
## ----------------- ##

ACLOCAL='${SHELL} /root/libzbxmodbus/missing aclocal-1.13'
AMDEPBACKSLASH='\'
AMDEP_FALSE='#'
AMDEP_TRUE=''
AMTAR='$${TAR-tar}'
AM_BACKSLASH='\'
AM_DEFAULT_V='$(AM_DEFAULT_VERBOSITY)'
AM_DEFAULT_VERBOSITY='1'
AM_V='$(V)'
AR='ar'
AUTOCONF='${SHELL} /root/libzbxmodbus/missing autoconf'
AUTOHEADER='${SHELL} /root/libzbxmodbus/missing autoheader'
AUTOMAKE='${SHELL} /root/libzbxmodbus/missing automake-1.13'
AWK='gawk'
CC='gcc'
CCDEPMODE='depmode=gcc3'
CFLAGS='-g -O2'
CPP='gcc -E'
CPPFLAGS=''
CYGPATH_W='echo'
DEFS='-DHAVE_CONFIG_H'
DEPDIR='.deps'
DLLTOOL='false'
DSYMUTIL=''
DUMPBIN=''
ECHO_C=''
ECHO_N='-n'
ECHO_T=''
EGREP='/bin/grep -E'
EXEEXT=''
FGREP='/bin/grep -F'
GREP='/bin/grep'
INSTALL_DATA='${INSTALL} -m 644'
INSTALL_PROGRAM='${INSTALL}'
INSTALL_SCRIPT='${INSTALL}'
INSTALL_STRIP_PROGRAM='$(install_sh) -c -s'
LD='/bin/ld -m elf_x86_64'
LDFLAGS=''
LIBOBJS=''
LIBS=''
LIBTOOL='$(SHELL) $(top_builddir)/libtool'
LIPO=''
LN_S='ln -s'
LTLIBOBJS=''
MAKEINFO='${SHELL} /root/libzbxmodbus/missing makeinfo'
MANIFEST_TOOL=':'
MKDIR_P='/bin/mkdir -p'
NM='/bin/nm -B'
NMEDIT=''
OBJDUMP='objdump'
OBJEXT='o'
OTOOL64=''
OTOOL=''
PACKAGE='libzbxmodbus'
PACKAGE_BUGREPORT=''
PACKAGE_NAME='libzbxmodbus'
PACKAGE_STRING='libzbxmodbus 0.9'
PACKAGE_TARNAME='libzbxmodbus'
PACKAGE_URL=''
PACKAGE_VERSION='0.9'
PATH_SEPARATOR=':'
RANLIB='ranlib'
SED='/bin/sed'
SET_MAKE=''
SHELL='/bin/sh'
STRIP='strip'
VERSION='0.9'
ZABBIX_2_FALSE=''
ZABBIX_2_TRUE='#'
ZABBIX_3_2_FALSE='#'
ZABBIX_3_2_TRUE=''
ZABBIX_3_FALSE=''
ZABBIX_3_TRUE='#'
ac_ct_AR='ar'
ac_ct_CC='gcc'
ac_ct_DUMPBIN=''
am__EXEEXT_FALSE=''
am__EXEEXT_TRUE='#'
am__fastdepCC_FALSE='#'
am__fastdepCC_TRUE=''
am__include='include'
am__isrc=''
am__leading_dot='.'
am__nodep='_no'
am__quote=''
am__tar='$${TAR-tar} chof - "$$tardir"'
am__untar='$${TAR-tar} xf -'
bindir='${exec_prefix}/bin'
build='x86_64-unknown-linux-gnu'
build_alias=''
build_cpu='x86_64'
build_os='linux-gnu'
build_vendor='unknown'
datadir='${datarootdir}'
datarootdir='${prefix}/share'
docdir='${datarootdir}/doc/${PACKAGE_TARNAME}'
dvidir='${docdir}'
exec_prefix='${prefix}'
host='x86_64-unknown-linux-gnu'
host_alias=''
host_cpu='x86_64'
host_os='linux-gnu'
host_vendor='unknown'
htmldir='${docdir}'
includedir='${prefix}/include'
infodir='${datarootdir}/info'
install_sh='${SHELL} /root/libzbxmodbus/install-sh'
libdir='${exec_prefix}/lib'
libexecdir='${exec_prefix}/libexec'
localedir='${datarootdir}/locale'
localstatedir='${prefix}/var'
mandir='${datarootdir}/man'
mkdir_p='$(MKDIR_P)'
oldincludedir='/usr/include'
pdfdir='${docdir}'
prefix='/etc/zabbix'
program_transform_name='s,x,x,'
psdir='${docdir}'
sbindir='${exec_prefix}/sbin'
sharedstatedir='${prefix}/com'
subdirs=' libmodbus'
sysconfdir='${prefix}/etc'
target_alias=''

## ----------- ##
## confdefs.h. ##
## ----------- ##

/* confdefs.h */
#define PACKAGE_NAME "libzbxmodbus"
#define PACKAGE_TARNAME "libzbxmodbus"
#define PACKAGE_VERSION "0.9"
#define PACKAGE_STRING "libzbxmodbus 0.9"
#define PACKAGE_BUGREPORT ""
#define PACKAGE_URL ""
#define PACKAGE "libzbxmodbus"
#define VERSION "0.9"
#define STDC_HEADERS 1
#define HAVE_SYS_TYPES_H 1
#define HAVE_SYS_STAT_H 1
#define HAVE_STDLIB_H 1
#define HAVE_STRING_H 1
#define HAVE_MEMORY_H 1
#define HAVE_STRINGS_H 1
#define HAVE_INTTYPES_H 1
#define HAVE_STDINT_H 1
#define HAVE_UNISTD_H 1
#define HAVE_DLFCN_H 1
#define LT_OBJDIR ".libs/"

configure: exit 0

## ---------------------- ##
## Running config.status. ##
## ---------------------- ##

This file was extended by libzbxmodbus config.status 0.9, which was
generated by GNU Autoconf 2.69.  Invocation command line was

  CONFIG_FILES    = 
  CONFIG_HEADERS  = 
  CONFIG_LINKS    = 
  CONFIG_COMMANDS = 
  $ ./config.status 

on zabbix-systems.int.previder.nl

config.status:1088: creating Makefile
config.status:1088: creating src/Makefile
config.status:1088: creating config.h
config.status:1317: executing depfiles commands
config.status:1317: executing libtool commands

## ---------------------- ##
## Running config.status. ##
## ---------------------- ##

This file was extended by libzbxmodbus config.status 0.9, which was
generated by GNU Autoconf 2.69.  Invocation command line was

  CONFIG_FILES    = 
  CONFIG_HEADERS  = 
  CONFIG_LINKS    = 
  CONFIG_COMMANDS = 
  $ ./config.status config.h

on zabbix-systems.int.previder.nl

config.status:1088: creating config.h
config.status:1269: config.h is unchanged
